-1.6
-encoding
UTF-8
-classpath
/Users/sni/.m2/repository/org/sdmxsource/SdmxStructureParser/1.1.4/SdmxStructureParser-1.1.4.jar:/Users/sni/.m2/repository/org/sdmxsource/SdmxStructureRetrieval/1.1.4/SdmxStructureRetrieval-1.1.4.jar:/Users/sni/.m2/repository/org/sdmxsource/SdmxEdiParser/1.1.4/SdmxEdiParser-1.1.4.jar:/Users/sni/.m2/repository/org/sdmxsource/SdmxApi/1.1.4/SdmxApi-1.1.4.jar:/Users/sni/.m2/repository/org/sdmxsource/SdmxDataParser/1.1.4/SdmxDataParser-1.1.4.jar:/Users/sni/.m2/repository/org/sdmxsource/SdmxSourceUtil/1.1.4/SdmxSourceUtil-1.1.4.jar:/Users/sni/.m2/repository/org/sdmxsource/SdmxBeans/1.1.4/SdmxBeans-1.1.4.jar:/Users/sni/.m2/repository/org/sdmxsource/SdmxQueryBuilder/1.1.4/SdmxQueryBuilder-1.1.4.jar:/Users/sni/.m2/repository/org/sdmx/beans/SDMX2-1/3.0/SDMX2-1-3.0.jar:/Users/sni/.m2/repository/org/sdmx/beans/SDMX2-0/2.0/SDMX2-0-2.0.jar:/Users/sni/.m2/repository/org/sdmx/beans/SDMX1-0/1.0/SDMX1-0-1.0.jar:/Users/sni/.m2/repository/dom4j/dom4j/1.6.1/dom4j-1.6.1.jar:/Users/sni/.m2/repository/javax/persistence/persistence-api/1.0/persistence-api-1.0.jar:/Users/sni/.m2/repository/javax/servlet/servlet-api/2.5/servlet-api-2.5.jar:/Users/sni/.m2/repository/junit/junit/4.10/junit-4.10.jar:/Users/sni/.m2/repository/log4j/log4j/1.2.14/log4j-1.2.14.jar:/Users/sni/.m2/repository/net/sf/opencsv/opencsv/2.3/opencsv-2.3.jar:/Users/sni/.m2/repository/org/apache/xmlbeans/xmlbeans-xpath/2.3.0/xmlbeans-xpath-2.3.0.jar:/Users/sni/.m2/repository/org/aspectj/aspectjrt/1.7.2/aspectjrt-1.7.2.jar:/Users/sni/.m2/repository/org/aspectj/aspectjtools/1.7.2/aspectjtools-1.7.2.jar:/Users/sni/.m2/repository/org/aspectj/aspectjweaver/1.7.2/aspectjweaver-1.7.2.jar:/Users/sni/.m2/repository/org/springframework/spring-aspects/3.2.3.RELEASE/spring-aspects-3.2.3.RELEASE.jar:/Users/sni/.m2/repository/org/springframework/spring-context/3.2.3.RELEASE/spring-context-3.2.3.RELEASE.jar:/Users/sni/.m2/repository/org/springframework/spring-core/3.2.3.RELEASE/spring-core-3.2.3.RELEASE.jar:/Users/sni/.m2/repository/org/springframework/spring-test/3.2.3.RELEASE/spring-test-3.2.3.RELEASE.jar:/Users/sni/.m2/repository/org/springframework/spring-tx/3.2.3.RELEASE/spring-tx-3.2.3.RELEASE.jar:/Users/sni/.m2/repository/org/springframework/spring-web/3.2.3.RELEASE/spring-web-3.2.3.RELEASE.jar:/Users/sni/.m2/repository/org/springframework/spring-beans/3.2.3.RELEASE/spring-beans-3.2.3.RELEASE.jar:/Users/sni/.m2/repository/org/springframework/spring-aop/3.2.3.RELEASE/spring-aop-3.2.3.RELEASE.jar:/Users/sni/.m2/repository/cglib/cglib/2.2.2/cglib-2.2.2.jar:/Users/sni/.m2/repository/org/estat/estat_sdmxsource_extension/1.0.4/estat_sdmxsource_extension-1.0.4.jar:/Users/sni/.m2/repository/org/estat/dr/5.1.3/dr-5.1.3.jar:/Users/sni/.m2/repository/org/estat/sr/3.2.4/sr-3.2.4.jar:/Users/sni/.m2/repository/org/estat/nsiAuthModule/2.0.3/nsiAuthModule-2.0.3.jar:/Users/sni/.m2/repository/net/sf/saxon/saxon8-dom/1.0/saxon8-dom-1.0.jar:/Users/sni/.m2/repository/com/sun/jersey/jersey-server/1.16/jersey-server-1.16.jar:/Users/sni/.m2/repository/com/sun/jersey/jersey-servlet/1.16/jersey-servlet-1.16.jar:/Users/sni/.m2/repository/com/sun/jersey/contribs/jersey-spring/1.16/jersey-spring-1.16.jar:/Users/sni/.m2/repository/commons-lang/commons-lang/2.6/commons-lang-2.6.jar:/Users/sni/.m2/repository/commons-io/commons-io/1.2/commons-io-1.2.jar:/Users/sni/.m2/repository/javax/servlet/jstl/1.2/jstl-1.2.jar:/Users/sni/.m2/repository/stax/stax-api/1.0/stax-api-1.0.jar:/Users/sni/.m2/repository/xml-apis/xml-apis/1.0.b2/xml-apis-1.0.b2.jar:/Users/sni/.m2/repository/org/apache/httpcomponents/httpclient/4.1.1/httpclient-4.1.1.jar:/Users/sni/.m2/repository/org/apache/httpcomponents/httpcore/4.1/httpcore-4.1.jar:/Users/sni/.m2/repository/org/apache/tomcat/catalina/6.0.28/catalina-6.0.28.jar:/Users/sni/.m2/repository/stax/stax/1.2.0/stax-1.2.0.jar:/Users/sni/.m2/repository/joda-time/joda-time/2.1/joda-time-2.1.jar:/Users/sni/.m2/repository/org/apache/xmlbeans/xmlbeans/2.3.0/xmlbeans-2.3.0.jar:/Users/sni/.m2/repository/net/sf/saxon/saxon/8.7/saxon-8.7.jar:/Users/sni/.m2/repository/org/springframework/spring-context-support/3.2.3.RELEASE/spring-context-support-3.2.3.RELEASE.jar:/Users/sni/.m2/repository/org/springframework/spring-expression/3.2.3.RELEASE/spring-expression-3.2.3.RELEASE.jar:/Users/sni/.m2/repository/commons-logging/commons-logging/1.1.1/commons-logging-1.1.1.jar:/Users/sni/.m2/repository/aopalliance/aopalliance/1.0/aopalliance-1.0.jar:/Users/sni/.m2/repository/asm/asm/3.3.1/asm-3.3.1.jar:/Users/sni/.m2/repository/org/sdmxsource/SdmxFileQueryProcessor/1.1.4/SdmxFileQueryProcessor-1.1.4.jar:/Users/sni/.m2/repository/mysql/mysql-connector-java/5.1.6/mysql-connector-java-5.1.6.jar:/Users/sni/.m2/repository/com/microsoft/sqlserver/sqljdbc4/4.0/sqljdbc4-4.0.jar:/Users/sni/.m2/repository/com/oracle/classes12/10.1.0/classes12-10.1.0.jar:/Users/sni/.m2/repository/org/xerial/sqlite-jdbc/3.6.20/sqlite-jdbc-3.6.20.jar:/Users/sni/.m2/repository/org/estat/pcaxis/2.2.0/pcaxis-2.2.0.jar:/Users/sni/.m2/repository/org/estat/sdmx-utils/1.0.0/sdmx-utils-1.0.0.jar:/Users/sni/.m2/repository/commons-codec/commons-codec/1.5/commons-codec-1.5.jar:/Users/sni/.m2/repository/com/sun/jersey/jersey-core/1.16/jersey-core-1.16.jar:/Users/sni/Development/git/sri-ws/nsiws/target/classes
-aspectpath
/Users/sni/.m2/repository/org/springframework/spring-aspects/3.2.3.RELEASE/spring-aspects-3.2.3.RELEASE.jar
-d
/Users/sni/Development/git/sri-ws/nsiws/target/classes
/Users/sni/Development/git/sri-ws/nsiws/src/main/java/org/estat/nsi/controller/Controller.java
/Users/sni/Development/git/sri-ws/nsiws/src/main/java/org/estat/nsi/controller/DataQueryBuilder.java
/Users/sni/Development/git/sri-ws/nsiws/src/main/java/org/estat/nsi/controller/DsdChecker.java
/Users/sni/Development/git/sri-ws/nsiws/src/main/java/org/estat/nsi/controller/ImpossibleRequestException.java
/Users/sni/Development/git/sri-ws/nsiws/src/main/java/org/estat/nsi/controller/ResponseReader.java
/Users/sni/Development/git/sri-ws/nsiws/src/main/java/org/estat/nsi/controller/ResponseReaderTest.java
/Users/sni/Development/git/sri-ws/nsiws/src/main/java/org/estat/nsi/controller/Settings.java
/Users/sni/Development/git/sri-ws/nsiws/src/main/java/org/estat/nsi/controller/StructureQueryBuilder.java
/Users/sni/Development/git/sri-ws/nsiws/src/main/java/org/estat/nsi/rest/Common.java
/Users/sni/Development/git/sri-ws/nsiws/src/main/java/org/estat/nsi/rest/DATA_MEDIA_TYPE.java
/Users/sni/Development/git/sri-ws/nsiws/src/main/java/org/estat/nsi/rest/DataResource.java
/Users/sni/Development/git/sri-ws/nsiws/src/main/java/org/estat/nsi/rest/DataResourceService.java
/Users/sni/Development/git/sri-ws/nsiws/src/main/java/org/estat/nsi/rest/SDMX_MEDIA.java
/Users/sni/Development/git/sri-ws/nsiws/src/main/java/org/estat/nsi/rest/SdmxRestServiceApplication.java
/Users/sni/Development/git/sri-ws/nsiws/src/main/java/org/estat/nsi/rest/StructureMediaType.java
/Users/sni/Development/git/sri-ws/nsiws/src/main/java/org/estat/nsi/rest/StructureResource.java
/Users/sni/Development/git/sri-ws/nsiws/src/main/java/org/estat/nsi/rest/StructureResourceService.java
/Users/sni/Development/git/sri-ws/nsiws/src/main/java/org/estat/nsi/spring/mockup/AuthMockCatScheme20StructureRetriever.java
/Users/sni/Development/git/sri-ws/nsiws/src/main/java/org/estat/nsi/spring/mockup/AuthMockStructureRetriever.java
/Users/sni/Development/git/sri-ws/nsiws/src/main/java/org/estat/nsi/spring/mockup/MockAdvancedDataRetriever.java
/Users/sni/Development/git/sri-ws/nsiws/src/main/java/org/estat/nsi/spring/mockup/MockApplicationConfig.java
/Users/sni/Development/git/sri-ws/nsiws/src/main/java/org/estat/nsi/spring/mockup/MockBeanRetrieverManager.java
/Users/sni/Development/git/sri-ws/nsiws/src/main/java/org/estat/nsi/spring/mockup/MockCatScheme20StructureRetriever.java
/Users/sni/Development/git/sri-ws/nsiws/src/main/java/org/estat/nsi/spring/mockup/MockDataRetriever.java
/Users/sni/Development/git/sri-ws/nsiws/src/main/java/org/estat/nsi/spring/mockup/MockStructureRetriever.java
/Users/sni/Development/git/sri-ws/nsiws/src/main/java/org/estat/nsi/spring/sri/MappingStorePool.java
/Users/sni/Development/git/sri-ws/nsiws/src/main/java/org/estat/nsi/spring/sri/SriApplicationConfig.java
/Users/sni/Development/git/sri-ws/nsiws/src/main/java/org/estat/nsi/spring/sri/TestingMappingStorePool.java
/Users/sni/Development/git/sri-ws/nsiws/src/main/java/org/estat/nsi/ws/NSIService.java
/Users/sni/Development/git/sri-ws/nsiws/src/main/java/org/estat/nsi/ws/NSIStdService.java
/Users/sni/Development/git/sri-ws/nsiws/src/main/java/org/estat/nsi/ws/NSIStdService21.java
/Users/sni/Development/git/sri-ws/nsiws/src/main/java/org/estat/nsi/ws/SDMX_WS_OPERATION.java
/Users/sni/Development/git/sri-ws/nsiws/src/main/java/org/estat/nsi/ws/SoapFaultFactory.java
/Users/sni/Development/git/sri-ws/nsiws/src/main/java/org/estat/nsi/ws/SuperService.java
